e:\vs c++\graphic project\graphic project\x64\debug\vc142.pdb
e:\vs c++\graphic project\graphic project\x64\debug\vc142.idb
e:\vs c++\graphic project\graphic project\x64\debug\main.obj
e:\vs c++\graphic project\graphic project\x64\debug\game.obj
e:\vs c++\graphic project\graphic project\x64\debug\gameinit.obj
e:\vs c++\graphic project\graphic project\x64\debug\base.obj
e:\vs c++\graphic project\graphic project\x64\debug\draw.obj
e:\vs c++\graphic project\graphic project\x64\debug\object.obj
e:\vs c++\graphic project\graphic project\x64\debug\input.obj
e:\vs c++\graphic project\graphic project\x64\debug\character.obj
e:\vs c++\graphic project\graphic project\x64\debug\mainhero.obj
e:\vs c++\graphic project\graphic project\x64\debug\logic.obj
e:\vs c++\graphic project\graphic project\x64\debug\moveable.obj
e:\vs c++\graphic project\x64\debug\graphic project.exe
e:\vs c++\graphic project\x64\debug\graphic project.ilk
e:\vs c++\graphic project\x64\debug\graphic project.pdb
e:\vs c++\graphic project\graphic project\x64\debug\graphic project.tlog\cl.command.1.tlog
e:\vs c++\graphic project\graphic project\x64\debug\graphic project.tlog\cl.read.1.tlog
e:\vs c++\graphic project\graphic project\x64\debug\graphic project.tlog\cl.write.1.tlog
e:\vs c++\graphic project\graphic project\x64\debug\graphic project.tlog\link.command.1.tlog
e:\vs c++\graphic project\graphic project\x64\debug\graphic project.tlog\link.read.1.tlog
e:\vs c++\graphic project\graphic project\x64\debug\graphic project.tlog\link.write.1.tlog
